C:\USERS\BGUSSIAAS\DOCUMENTS\VISUAL STUDIO 2012\PROJECTS\CTPTRADEDLL\CTPTRADEDLL\DEBUG\CTPTRADEDLL.PCH
C:\USERS\BGUSSIAAS\DOCUMENTS\VISUAL STUDIO 2012\PROJECTS\CTPTRADEDLL\CTPTRADEDLL\DEBUG\STDAFX.OBJ
C:\USERS\BGUSSIAAS\DOCUMENTS\VISUAL STUDIO 2012\PROJECTS\CTPTRADEDLL\CTPTRADEDLL\DEBUG\VC110.PDB
C:\USERS\BGUSSIAAS\DOCUMENTS\VISUAL STUDIO 2012\PROJECTS\CTPTRADEDLL\CTPTRADEDLL\DEBUG\CTPTRADEDLL.OBJ
C:\USERS\BGUSSIAAS\DOCUMENTS\VISUAL STUDIO 2012\PROJECTS\CTPTRADEDLL\CTPTRADEDLL\DEBUG\TRADEEVENTHANDLER.OBJ
C:\USERS\BGUSSIAAS\DOCUMENTS\VISUAL STUDIO 2012\PROJECTS\CTPTRADEDLL\CTPTRADEDLL\DEBUG\DLLMAIN.OBJ
C:\Users\bgussiaas\Documents\Visual Studio 2012\Projects\CTPTRADEDLL\Debug\CTPTRADEDLL.lib
C:\Users\bgussiaas\Documents\Visual Studio 2012\Projects\CTPTRADEDLL\Debug\CTPTRADEDLL.exp
C:\USERS\BGUSSIAAS\DOCUMENTS\VISUAL STUDIO 2012\PROJECTS\CTPTRADEDLL\DEBUG\CTPTRADEDLL.ILK
C:\USERS\BGUSSIAAS\DOCUMENTS\VISUAL STUDIO 2012\PROJECTS\CTPTRADEDLL\DEBUG\CTPTRADEDLL.DLL
C:\USERS\BGUSSIAAS\DOCUMENTS\VISUAL STUDIO 2012\PROJECTS\CTPTRADEDLL\DEBUG\CTPTRADEDLL.PDB
C:\Users\bgussiaas\Documents\Visual Studio 2012\Projects\CTPTRADEDLL\CTPTRADEDLL\Debug\CTPTRADEDLL.obj
C:\Users\bgussiaas\Documents\Visual Studio 2012\Projects\CTPTRADEDLL\CTPTRADEDLL\Debug\dllmain.obj
C:\Users\bgussiaas\Documents\Visual Studio 2012\Projects\CTPTRADEDLL\CTPTRADEDLL\Debug\stdafx.obj
C:\Users\bgussiaas\Documents\Visual Studio 2012\Projects\CTPTRADEDLL\CTPTRADEDLL\Debug\TradeEventHandler.obj
C:\Users\bgussiaas\Documents\Visual Studio 2012\Projects\CTPTRADEDLL\CTPTRADEDLL\Debug\cl.command.1.tlog
C:\Users\bgussiaas\Documents\Visual Studio 2012\Projects\CTPTRADEDLL\CTPTRADEDLL\Debug\CL.read.1.tlog
C:\Users\bgussiaas\Documents\Visual Studio 2012\Projects\CTPTRADEDLL\CTPTRADEDLL\Debug\CL.write.1.tlog
C:\Users\bgussiaas\Documents\Visual Studio 2012\Projects\CTPTRADEDLL\CTPTRADEDLL\Debug\CTPTRADEDLL.write.1.tlog
C:\Users\bgussiaas\Documents\Visual Studio 2012\Projects\CTPTRADEDLL\CTPTRADEDLL\Debug\link-cvtres.read.1.tlog
C:\Users\bgussiaas\Documents\Visual Studio 2012\Projects\CTPTRADEDLL\CTPTRADEDLL\Debug\link-cvtres.write.1.tlog
C:\Users\bgussiaas\Documents\Visual Studio 2012\Projects\CTPTRADEDLL\CTPTRADEDLL\Debug\link-rc.read.1.tlog
C:\Users\bgussiaas\Documents\Visual Studio 2012\Projects\CTPTRADEDLL\CTPTRADEDLL\Debug\link-rc.write.1.tlog
C:\Users\bgussiaas\Documents\Visual Studio 2012\Projects\CTPTRADEDLL\CTPTRADEDLL\Debug\link.command.1.tlog
C:\Users\bgussiaas\Documents\Visual Studio 2012\Projects\CTPTRADEDLL\CTPTRADEDLL\Debug\link.read.1.tlog
C:\Users\bgussiaas\Documents\Visual Studio 2012\Projects\CTPTRADEDLL\CTPTRADEDLL\Debug\link.write.1.tlog
C:\Users\bgussiaas\Documents\Visual Studio 2012\Projects\CTPTRADEDLL\CTPTRADEDLL\Debug\CTPTRADEDLL.pch
C:\Users\bgussiaas\Documents\Visual Studio 2012\Projects\CTPTRADEDLL\CTPTRADEDLL\Debug\vc110.idb
C:\Users\bgussiaas\Documents\Visual Studio 2012\Projects\CTPTRADEDLL\CTPTRADEDLL\Debug\vc110.pdb
C:\Users\bgussiaas\Documents\Visual Studio 2012\Projects\CTPTRADEDLL\Debug\CTPTRADEDLL.pdb
C:\Users\bgussiaas\Documents\Visual Studio 2012\Projects\CTPTRADEDLL\Debug\CTPTRADEDLL.dll
C:\Users\bgussiaas\Documents\Visual Studio 2012\Projects\CTPTRADEDLL\Debug\CTPTRADEDLL.ilk
