Build started 6/3/2013 12:36:33 AM.
     1>Project "C:\Users\bgussiaas\Documents\Visual Studio 2012\Projects\CTPTRADEDLL\CTPTRADEDLL\CTPTRADEDLL.vcxproj" on node 2 (Rebuild target(s)).
     1>ClCompile:
         C:\Program Files (x86)\Microsoft Visual Studio 11.0\VC\bin\CL.exe /c /I"C:\Program Files (x86)\Java\jdk1.7.0_21\include\win32" /I"C:\Program Files (x86)\Java\jdk1.7.0_21\include" /ZI /nologo /W3 /WX- /sdl /Od /Oy- /D WIN32 /D _DEBUG /D _WINDOWS /D _USRDLL /D CTPTRADEDLL_EXPORTS /D _WINDLL /D _UNICODE /D UNICODE /Gm /EHsc /RTC1 /MDd /GS /fp:precise /Zc:wchar_t /Zc:forScope /Yc"stdafx.h" /Fp"Debug\CTPTRADEDLL.pch" /Fo"Debug\\" /Fd"Debug\vc110.pdb" /Gd /TP /analyze- /errorReport:prompt stdafx.cpp
         stdafx.cpp
         C:\Program Files (x86)\Microsoft Visual Studio 11.0\VC\bin\CL.exe /c /I"C:\Program Files (x86)\Java\jdk1.7.0_21\include\win32" /I"C:\Program Files (x86)\Java\jdk1.7.0_21\include" /ZI /nologo /W3 /WX- /sdl /Od /Oy- /D WIN32 /D _DEBUG /D _WINDOWS /D _USRDLL /D CTPTRADEDLL_EXPORTS /D _WINDLL /D _UNICODE /D UNICODE /Gm /EHsc /RTC1 /MDd /GS /fp:precise /Zc:wchar_t /Zc:forScope /Fo"Debug\\" /Fd"Debug\vc110.pdb" /Gd /TP /analyze- /errorReport:prompt CTPTRADEDLL.cpp TradeEventHandler.cpp
         TradeEventHandler.cpp
         CTPTRADEDLL.cpp
         Generating Code...
         C:\Program Files (x86)\Microsoft Visual Studio 11.0\VC\bin\CL.exe /c /I"C:\Program Files (x86)\Java\jdk1.7.0_21\include\win32" /I"C:\Program Files (x86)\Java\jdk1.7.0_21\include" /ZI /nologo /W3 /WX- /sdl /Od /Oy- /D WIN32 /D _DEBUG /D _WINDOWS /D _USRDLL /D CTPTRADEDLL_EXPORTS /D _WINDLL /D _UNICODE /D UNICODE /Gm /EHsc /RTC1 /MDd /GS /fp:precise /Zc:wchar_t /Zc:forScope /Fo"Debug\\" /Fd"Debug\vc110.pdb" /Gd /TP /analyze- /errorReport:prompt dllmain.cpp
         dllmain.cpp
       Link:
         C:\Program Files (x86)\Microsoft Visual Studio 11.0\VC\bin\link.exe /ERRORREPORT:PROMPT /OUT:"C:\Users\bgussiaas\Documents\Visual Studio 2012\Projects\CTPTRADEDLL\Debug\CTPTRADEDLL.dll" /INCREMENTAL /NOLOGO kernel32.lib user32.lib gdi32.lib winspool.lib comdlg32.lib advapi32.lib shell32.lib ole32.lib oleaut32.lib uuid.lib odbc32.lib odbccp32.lib /MANIFEST /MANIFESTUAC:"level='asInvoker' uiAccess='false'" /manifest:embed /DEBUG /PDB:"C:\Users\bgussiaas\Documents\Visual Studio 2012\Projects\CTPTRADEDLL\Debug\CTPTRADEDLL.pdb" /SUBSYSTEM:WINDOWS /TLBID:1 /DYNAMICBASE /NXCOMPAT /IMPLIB:"C:\Users\bgussiaas\Documents\Visual Studio 2012\Projects\CTPTRADEDLL\Debug\CTPTRADEDLL.lib" /MACHINE:X86 /DLL Debug\CTPTRADEDLL.obj
         Debug\dllmain.obj
         Debug\stdafx.obj
         Debug\TradeEventHandler.obj
         thostmduserapi.lib
         thosttraderapi.lib
            Creating library C:\Users\bgussiaas\Documents\Visual Studio 2012\Projects\CTPTRADEDLL\Debug\CTPTRADEDLL.lib and object C:\Users\bgussiaas\Documents\Visual Studio 2012\Projects\CTPTRADEDLL\Debug\CTPTRADEDLL.exp
         CTPTRADEDLL.vcxproj -> C:\Users\bgussiaas\Documents\Visual Studio 2012\Projects\CTPTRADEDLL\Debug\CTPTRADEDLL.dll
     1>Done Building Project "C:\Users\bgussiaas\Documents\Visual Studio 2012\Projects\CTPTRADEDLL\CTPTRADEDLL\CTPTRADEDLL.vcxproj" (Rebuild target(s)).

Build succeeded.

Time Elapsed 00:00:03.43
